<?xml version="1.0" encoding="UTF-8"?>
<!-- Generated by org.testng.reporters.JUnitReportReporter -->
<testsuite hostname="LAPTOP-GTM2QHS4" failures="0" tests="3" name="testNGDemo.GroupTestDemo" time="0.021" errors="0" timestamp="2024-11-11T20:09:11 IST" skipped="0">
  <testcase classname="testNGDemo.GroupTestDemo" name="verifyLogin" time="0.017"/>
  <system-out/>
  <testcase classname="testNGDemo.GroupTestDemo" name="verifyTitle" time="0.002"/>
  <system-out/>
  <testcase classname="testNGDemo.GroupTestDemo" name="verifyLogout" time="0.002"/>
  <system-out/>
</testsuite> <!-- testNGDemo.GroupTestDemo -->
