<?xml version="1.0" encoding="UTF-8"?>
<!-- Generated by org.testng.reporters.JUnitReportReporter -->
<testsuite hostname="LAPTOP-GTM2QHS4" failures="0" tests="2" name="testNGDemo.testDemo1" time="0.003" errors="0" timestamp="2024-11-11T18:05:22 IST" skipped="0">
  <testcase classname="testNGDemo.testDemo1" name="testcase2" time="0.002"/>
  <system-out/>
  <testcase classname="testNGDemo.testDemo1" name="testcase1" time="0.001"/>
  <system-out/>
</testsuite> <!-- testNGDemo.testDemo1 -->
