<?xml version="1.0" encoding="UTF-8"?>
<!-- Generated by org.testng.reporters.JUnitReportReporter -->
<testsuite hostname="LAPTOP-GTM2QHS4" failures="0" tests="4" name="testNGDemo.testDemo3_PriorityAttribute" time="0.006" errors="0" timestamp="2024-11-11T18:05:22 IST" skipped="0">
  <testcase classname="testNGDemo.testDemo3_PriorityAttribute" name="registerTest" time="0.002"/>
  <system-out/>
  <testcase classname="testNGDemo.testDemo3_PriorityAttribute" name="loginTest" time="0.002"/>
  <system-out/>
  <testcase classname="testNGDemo.testDemo3_PriorityAttribute" name="searchProductTest" time="0.001"/>
  <system-out/>
  <testcase classname="testNGDemo.testDemo3_PriorityAttribute" name="addToCartTest" time="0.001"/>
  <system-out/>
</testsuite> <!-- testNGDemo.testDemo3_PriorityAttribute -->
