<?xml version="1.0" encoding="UTF-8"?>
<!-- Generated by org.testng.reporters.JUnitReportReporter -->
<testsuite hostname="LAPTOP-GTM2QHS4" failures="0" tests="2" name="testNGDemo.testDisableFromExecution" time="0.013" errors="0" timestamp="2024-11-11T19:45:19 IST" skipped="1">
  <testcase classname="testNGDemo.testDisableFromExecution" name="testCase2" time="0.013"/>
  <system-out/>
  <testcase classname="testNGDemo.testDisableFromExecution" name="testCase3">
    <skipped/>
  </testcase> <!-- testCase3 -->
  <system-out/>
</testsuite> <!-- testNGDemo.testDisableFromExecution -->
