<?xml version="1.0" encoding="UTF-8"?>
<!-- Generated by org.testng.reporters.JUnitReportReporter -->
<testsuite hostname="LAPTOP-GTM2QHS4" failures="0" tests="5" name="testNGDemo.testDemo4_InvocationCount" time="0.005" errors="0" timestamp="2024-11-11T18:05:22 IST" skipped="0">
  <testcase classname="testNGDemo.testDemo4_InvocationCount" name="enrollForTheCourse" time="0.001"/>
  <system-out/>
  <testcase classname="testNGDemo.testDemo4_InvocationCount" name="traning" time="0.001"/>
  <system-out/>
  <testcase classname="testNGDemo.testDemo4_InvocationCount" name="placementCall" time="0.002"/>
  <system-out/>
  <testcase classname="testNGDemo.testDemo4_InvocationCount" name="placementCall" time="0.001"/>
  <system-out/>
  <testcase classname="testNGDemo.testDemo4_InvocationCount" name="placementCall" time="0.000"/>
  <system-out/>
</testsuite> <!-- testNGDemo.testDemo4_InvocationCount -->
