<?xml version="1.0" encoding="UTF-8"?>
<!-- Generated by org.testng.reporters.JUnitReportReporter -->
<testsuite hostname="LAPTOP-GTM2QHS4" failures="0" tests="3" name="testNGDemo.testDemo2" time="20.397" errors="0" timestamp="2024-11-11T18:05:22 IST" skipped="0">
  <testcase classname="testNGDemo.testDemo2" name="edgeTest" time="6.981"/>
  <system-out/>
  <testcase classname="testNGDemo.testDemo2" name="firefoxTest" time="9.700"/>
  <system-out/>
  <testcase classname="testNGDemo.testDemo2" name="chromeTest" time="3.716"/>
  <system-out/>
</testsuite> <!-- testNGDemo.testDemo2 -->
