<?xml version="1.0" encoding="UTF-8"?>
<!-- Generated by org.testng.reporters.JUnitReportReporter -->
<testsuite hostname="LAPTOP-GTM2QHS4" failures="0" tests="3" name="testNGDemo.annotationDemo" time="0.011" errors="0" timestamp="2024-11-11T20:52:44 IST" skipped="0">
  <testcase classname="testNGDemo.annotationDemo" name="registerTest" time="0.008"/>
  <system-out/>
  <testcase classname="testNGDemo.annotationDemo" name="loginTest" time="0.001"/>
  <system-out/>
  <testcase classname="testNGDemo.annotationDemo" name="logoutTest" time="0.002"/>
  <system-out/>
</testsuite> <!-- testNGDemo.annotationDemo -->
